mode: set
github.com\Abuturku\landrive\server\fileserver.go:23.24,39.16 16 0
github.com\Abuturku\landrive\server\fileserver.go:39.16,41.3 1 0
github.com\Abuturku\landrive\server\fileserver.go:45.54,47.17 2 0
github.com\Abuturku\landrive\server\fileserver.go:47.17,49.3 1 0
github.com\Abuturku\landrive\server\fileserver.go:49.3,52.3 2 0
github.com\Abuturku\landrive\server\fileserver.go:55.57,57.17 2 0
github.com\Abuturku\landrive\server\fileserver.go:57.17,59.17 2 0
github.com\Abuturku\landrive\server\fileserver.go:65.3,65.20 1 0
github.com\Abuturku\landrive\server\fileserver.go:59.17,62.4 2 0
github.com\Abuturku\landrive\server\fileserver.go:66.3,68.3 1 0
github.com\Abuturku\landrive\server\fileserver.go:71.68,73.17 2 0
github.com\Abuturku\landrive\server\fileserver.go:73.17,77.17 4 0
github.com\Abuturku\landrive\server\fileserver.go:81.3,82.14 2 0
github.com\Abuturku\landrive\server\fileserver.go:77.17,80.4 2 0
github.com\Abuturku\landrive\server\fileserver.go:83.3,85.3 1 0
github.com\Abuturku\landrive\server\fileserver.go:88.62,90.17 2 0
github.com\Abuturku\landrive\server\fileserver.go:90.17,96.3 5 0
github.com\Abuturku\landrive\server\fileserver.go:96.3,98.3 1 0
github.com\Abuturku\landrive\server\fileserver.go:101.68,103.17 2 0
github.com\Abuturku\landrive\server\fileserver.go:103.17,110.3 5 0
github.com\Abuturku\landrive\server\fileserver.go:110.3,112.3 1 0
github.com\Abuturku\landrive\server\fileserver.go:115.62,117.17 2 0
github.com\Abuturku\landrive\server\fileserver.go:117.17,121.17 3 0
github.com\Abuturku\landrive\server\fileserver.go:127.3,127.58 1 0
github.com\Abuturku\landrive\server\fileserver.go:121.17,123.4 1 0
github.com\Abuturku\landrive\server\fileserver.go:123.4,125.4 1 0
github.com\Abuturku\landrive\server\fileserver.go:128.3,130.3 1 0
github.com\Abuturku\landrive\server\fileserver.go:133.64,135.17 2 1
github.com\Abuturku\landrive\server\fileserver.go:135.17,144.3 5 1
github.com\Abuturku\landrive\server\fileserver.go:144.3,146.3 1 0
github.com\Abuturku\landrive\server\fileserver.go:151.60,161.34 6 0
github.com\Abuturku\landrive\server\fileserver.go:161.34,169.3 5 0
github.com\Abuturku\landrive\server\fileserver.go:169.3,171.3 1 0
github.com\Abuturku\landrive\server\fileserver.go:175.86,178.33 2 1
github.com\Abuturku\landrive\server\fileserver.go:192.2,192.37 1 1
github.com\Abuturku\landrive\server\fileserver.go:178.33,183.59 4 1
github.com\Abuturku\landrive\server\fileserver.go:183.59,189.4 4 1
github.com\Abuturku\landrive\server\fileserver.go:195.61,204.30 8 1
github.com\Abuturku\landrive\server\fileserver.go:204.30,206.3 1 1
github.com\Abuturku\landrive\server\fileserver.go:206.3,208.3 1 1
github.com\Abuturku\landrive\server\fileserver.go:212.70,220.2 7 1
github.com\Abuturku\landrive\server\fileserver.go:222.63,228.27 5 1
github.com\Abuturku\landrive\server\fileserver.go:228.27,230.22 2 1
github.com\Abuturku\landrive\server\fileserver.go:230.22,232.4 1 1
github.com\Abuturku\landrive\server\fileserver.go:232.4,235.4 2 1
github.com\Abuturku\landrive\server\fileserver.go:236.3,238.3 1 1
github.com\Abuturku\landrive\server\fileserver.go:242.56,247.16 5 1
github.com\Abuturku\landrive\server\fileserver.go:251.2,261.16 7 1
github.com\Abuturku\landrive\server\fileserver.go:265.2,266.61 2 1
github.com\Abuturku\landrive\server\fileserver.go:247.16,249.3 1 0
github.com\Abuturku\landrive\server\fileserver.go:261.16,263.3 1 0
github.com\Abuturku\landrive\server\fileserver.go:274.28,279.16 4 1
github.com\Abuturku\landrive\server\fileserver.go:283.2,283.32 1 1
github.com\Abuturku\landrive\server\fileserver.go:279.16,281.3 1 0
github.com\Abuturku\landrive\server\fileserver.go:292.38,296.6 4 1
github.com\Abuturku\landrive\server\fileserver.go:306.2,306.48 1 1
github.com\Abuturku\landrive\server\fileserver.go:296.6,298.20 2 1
github.com\Abuturku\landrive\server\fileserver.go:301.3,301.28 1 1
github.com\Abuturku\landrive\server\fileserver.go:298.20,299.9 1 1
github.com\Abuturku\landrive\server\fileserver.go:301.28,303.4 1 1
github.com\Abuturku\landrive\server\fileserver.go:309.53,316.27 2 1
github.com\Abuturku\landrive\server\fileserver.go:319.2,319.14 1 1
github.com\Abuturku\landrive\server\fileserver.go:316.27,318.3 1 1
github.com\Abuturku\landrive\server\fileserver.go:322.36,324.32 2 1
github.com\Abuturku\landrive\server\fileserver.go:327.2,327.44 1 1
github.com\Abuturku\landrive\server\fileserver.go:324.32,326.3 1 1
github.com\Abuturku\landrive\server\fileserver.go:330.32,332.2 1 1
github.com\Abuturku\landrive\server\fileserver.go:346.42,350.15 3 0
github.com\Abuturku\landrive\server\fileserver.go:355.2,360.33 4 0
github.com\Abuturku\landrive\server\fileserver.go:369.2,370.15 2 0
github.com\Abuturku\landrive\server\fileserver.go:350.15,352.3 1 0
github.com\Abuturku\landrive\server\fileserver.go:352.3,354.3 1 0
github.com\Abuturku\landrive\server\fileserver.go:360.33,361.19 1 0
github.com\Abuturku\landrive\server\fileserver.go:361.19,363.4 1 0
github.com\Abuturku\landrive\server\fileserver.go:363.4,367.4 2 0
github.com\Abuturku\landrive\server\fileserver.go:373.66,375.17 2 1
github.com\Abuturku\landrive\server\fileserver.go:375.17,384.17 6 1
github.com\Abuturku\landrive\server\fileserver.go:389.3,394.17 4 0
github.com\Abuturku\landrive\server\fileserver.go:399.3,403.17 3 0
github.com\Abuturku\landrive\server\fileserver.go:407.3,408.34 2 0
github.com\Abuturku\landrive\server\fileserver.go:384.17,387.4 2 1
github.com\Abuturku\landrive\server\fileserver.go:394.17,397.4 2 0
github.com\Abuturku\landrive\server\fileserver.go:403.17,405.4 1 0
github.com\Abuturku\landrive\server\fileserver.go:412.70,415.17 3 1
github.com\Abuturku\landrive\server\fileserver.go:432.2,432.57 1 1
github.com\Abuturku\landrive\server\fileserver.go:415.17,419.24 4 1
github.com\Abuturku\landrive\server\fileserver.go:419.24,420.34 1 1
github.com\Abuturku\landrive\server\fileserver.go:420.34,429.5 7 1
github.com\Abuturku\landrive\server\fileserver.go:436.59,438.16 2 1
github.com\Abuturku\landrive\server\fileserver.go:442.2,444.29 2 1
github.com\Abuturku\landrive\server\fileserver.go:449.2,451.16 3 1
github.com\Abuturku\landrive\server\fileserver.go:454.2,454.36 1 1
github.com\Abuturku\landrive\server\fileserver.go:438.16,440.3 1 0
github.com\Abuturku\landrive\server\fileserver.go:444.29,445.40 1 1
github.com\Abuturku\landrive\server\fileserver.go:445.40,447.4 1 1
github.com\Abuturku\landrive\server\fileserver.go:451.16,453.3 1 0
